This file contains any messages produced by compilers while
running configure, to aid debugging if configure makes a mistake.

It was created by LCUI configure 0.12.5, which was
generated by GNU Autoconf 2.68.  Invocation command line was

  $ ./configure 

## --------- ##
## Platform. ##
## --------- ##

hostname = liuchao-ubuntu
uname -m = i686
uname -r = 3.0.0-12-generic
uname -s = Linux
uname -v = #20-Ubuntu SMP Fri Oct 7 14:50:42 UTC 2011

/usr/bin/uname -p = unknown
/bin/uname -X     = unknown

/bin/arch              = unknown
/usr/bin/arch -k       = unknown
/usr/convex/getsysinfo = unknown
/usr/bin/hostinfo      = unknown
/bin/machine           = unknown
/usr/bin/oslevel       = unknown
/bin/universe          = unknown

PATH: /usr/local/sbin
PATH: /usr/local/bin
PATH: /usr/sbin
PATH: /usr/bin
PATH: /sbin
PATH: /bin
PATH: /usr/games


## ----------- ##
## Core tests. ##
## ----------- ##

configure:2283: checking build system type
configure:2297: result: i686-pc-linux-gnu
configure:2317: checking host system type
configure:2330: result: i686-pc-linux-gnu
configure:2350: checking target system type
configure:2363: result: i686-pc-linux-gnu
configure:2406: checking for a BSD-compatible install
configure:2474: result: /usr/bin/install -c
configure:2485: checking whether build environment is sane
configure:2535: result: yes
configure:2676: checking for a thread-safe mkdir -p
configure:2715: result: /bin/mkdir -p
configure:2728: checking for gawk
configure:2758: result: no
configure:2728: checking for mawk
configure:2744: found /usr/bin/mawk
configure:2755: result: mawk
configure:2766: checking whether make sets $(MAKE)
configure:2788: result: yes
configure:2939: checking for gcc
configure:2955: found /usr/bin/gcc
configure:2966: result: gcc
configure:3195: checking for C compiler version
configure:3204: gcc --version >&5
gcc (Ubuntu/Linaro 4.6.1-9ubuntu3) 4.6.1
Copyright (C) 2011 Free Software Foundation, Inc.
This is free software; see the source for copying conditions.  There is NO
warranty; not even for MERCHANTABILITY or FITNESS FOR A PARTICULAR PURPOSE.

configure:3215: $? = 0
configure:3204: gcc -v >&5
Using built-in specs.
COLLECT_GCC=gcc
COLLECT_LTO_WRAPPER=/usr/lib/gcc/i686-linux-gnu/4.6.1/lto-wrapper
Target: i686-linux-gnu
Configured with: ../src/configure -v --with-pkgversion='Ubuntu/Linaro 4.6.1-9ubuntu3' --with-bugurl=file:///usr/share/doc/gcc-4.6/README.Bugs --enable-languages=c,c++,fortran,objc,obj-c++,go --prefix=/usr --program-suffix=-4.6 --enable-shared --enable-linker-build-id --with-system-zlib --libexecdir=/usr/lib --without-included-gettext --enable-threads=posix --with-gxx-include-dir=/usr/include/c++/4.6 --libdir=/usr/lib --enable-nls --with-sysroot=/ --enable-clocale=gnu --enable-libstdcxx-debug --enable-libstdcxx-time=yes --enable-plugin --enable-objc-gc --enable-targets=all --disable-werror --with-arch-32=i686 --with-tune=generic --enable-checking=release --build=i686-linux-gnu --host=i686-linux-gnu --target=i686-linux-gnu
Thread model: posix
gcc version 4.6.1 (Ubuntu/Linaro 4.6.1-9ubuntu3) 
configure:3215: $? = 0
configure:3204: gcc -V >&5
gcc: error: unrecognized option '-V'
gcc: fatal error: no input files
compilation terminated.
configure:3215: $? = 4
configure:3204: gcc -qversion >&5
gcc: error: unrecognized option '-qversion'
gcc: fatal error: no input files
compilation terminated.
configure:3215: $? = 4
configure:3235: checking whether the C compiler works
configure:3257: gcc    conftest.c  >&5
configure:3261: $? = 0
configure:3309: result: yes
configure:3312: checking for C compiler default output file name
configure:3314: result: a.out
configure:3320: checking for suffix of executables
configure:3327: gcc -o conftest    conftest.c  >&5
configure:3331: $? = 0
configure:3353: result: 
configure:3375: checking whether we are cross compiling
configure:3383: gcc -o conftest    conftest.c  >&5
configure:3387: $? = 0
configure:3394: ./conftest
configure:3398: $? = 0
configure:3413: result: no
configure:3418: checking for suffix of object files
configure:3440: gcc -c   conftest.c >&5
configure:3444: $? = 0
configure:3465: result: o
configure:3469: checking whether we are using the GNU C compiler
configure:3488: gcc -c   conftest.c >&5
configure:3488: $? = 0
configure:3497: result: yes
configure:3506: checking whether gcc accepts -g
configure:3526: gcc -c -g  conftest.c >&5
configure:3526: $? = 0
configure:3567: result: yes
configure:3584: checking for gcc option to accept ISO C89
configure:3648: gcc  -c -g -O2  conftest.c >&5
configure:3648: $? = 0
configure:3661: result: none needed
configure:3692: checking for style of include used by make
configure:3720: result: GNU
configure:3745: checking dependency style of gcc
configure:3855: result: gcc3
configure:3916: checking how to print strings
configure:3943: result: printf
configure:3964: checking for a sed that does not truncate output
configure:4028: result: /bin/sed
configure:4046: checking for grep that handles long lines and -e
configure:4104: result: /bin/grep
configure:4109: checking for egrep
configure:4171: result: /bin/grep -E
configure:4176: checking for fgrep
configure:4238: result: /bin/grep -F
configure:4273: checking for ld used by gcc
configure:4340: result: /usr/bin/ld
configure:4347: checking if the linker (/usr/bin/ld) is GNU ld
configure:4362: result: yes
configure:4374: checking for BSD- or MS-compatible name lister (nm)
configure:4423: result: /usr/bin/nm -B
configure:4553: checking the name lister (/usr/bin/nm -B) interface
configure:4560: gcc -c -g -O2  conftest.c >&5
configure:4563: /usr/bin/nm -B "conftest.o"
configure:4566: output
00000000 B some_variable
configure:4573: result: BSD nm
configure:4576: checking whether ln -s works
configure:4580: result: yes
configure:4588: checking the maximum length of command line arguments
configure:4713: result: 1572864
configure:4730: checking whether the shell understands some XSI constructs
configure:4740: result: yes
configure:4744: checking whether the shell understands "+="
configure:4750: result: yes
configure:4785: checking how to convert i686-pc-linux-gnu file names to i686-pc-linux-gnu format
configure:4825: result: func_convert_file_noop
configure:4832: checking how to convert i686-pc-linux-gnu file names to toolchain format
configure:4852: result: func_convert_file_noop
configure:4859: checking for /usr/bin/ld option to reload object files
configure:4866: result: -r
configure:4940: checking for objdump
configure:4956: found /usr/bin/objdump
configure:4967: result: objdump
configure:4999: checking how to recognize dependent libraries
configure:5201: result: pass_all
configure:5286: checking for dlltool
configure:5316: result: no
configure:5346: checking how to associate runtime and link libraries
configure:5373: result: printf %s\n
configure:5434: checking for ar
configure:5450: found /usr/bin/ar
configure:5461: result: ar
configure:5498: checking for archiver @FILE support
configure:5515: gcc -c -g -O2  conftest.c >&5
configure:5515: $? = 0
configure:5518: ar cru libconftest.a @conftest.lst >&5
configure:5521: $? = 0
configure:5526: ar cru libconftest.a @conftest.lst >&5
ar: conftest.o: No such file or directory
configure:5529: $? = 1
configure:5541: result: @
configure:5599: checking for strip
configure:5615: found /usr/bin/strip
configure:5626: result: strip
configure:5698: checking for ranlib
configure:5714: found /usr/bin/ranlib
configure:5725: result: ranlib
configure:5827: checking command to parse /usr/bin/nm -B output from gcc object
configure:5946: gcc -c -g -O2  conftest.c >&5
configure:5949: $? = 0
configure:5953: /usr/bin/nm -B conftest.o \| sed -n -e 's/^.*[ ]\([ABCDGIRSTW][ABCDGIRSTW]*\)[ ][ ]*\([_A-Za-z][_A-Za-z0-9]*\)$/\1 \2 \2/p' | sed '/ __gnu_lto/d' \> conftest.nm
configure:5956: $? = 0
configure:6022: gcc -o conftest -g -O2   conftest.c conftstm.o >&5
configure:6025: $? = 0
configure:6063: result: ok
configure:6100: checking for sysroot
configure:6130: result: no
configure:6373: checking for mt
configure:6389: found /bin/mt
configure:6400: result: mt
configure:6423: checking if mt is a manifest tool
configure:6429: mt '-?'
configure:6437: result: no
configure:7069: checking how to run the C preprocessor
configure:7100: gcc -E  conftest.c
configure:7100: $? = 0
configure:7114: gcc -E  conftest.c
conftest.c:11:28: fatal error: ac_nonexistent.h: No such file or directory
compilation terminated.
configure:7114: $? = 1
configure: failed program was:
| /* confdefs.h */
| #define PACKAGE_NAME "LCUI"
| #define PACKAGE_TARNAME "lcui"
| #define PACKAGE_VERSION "0.12.5"
| #define PACKAGE_STRING "LCUI 0.12.5"
| #define PACKAGE_BUGREPORT "lc-soft@live.cn"
| #define PACKAGE_URL ""
| #define PACKAGE "lcui"
| #define VERSION "0.12.5"
| /* end confdefs.h.  */
| #include <ac_nonexistent.h>
configure:7139: result: gcc -E
configure:7159: gcc -E  conftest.c
configure:7159: $? = 0
configure:7173: gcc -E  conftest.c
conftest.c:11:28: fatal error: ac_nonexistent.h: No such file or directory
compilation terminated.
configure:7173: $? = 1
configure: failed program was:
| /* confdefs.h */
| #define PACKAGE_NAME "LCUI"
| #define PACKAGE_TARNAME "lcui"
| #define PACKAGE_VERSION "0.12.5"
| #define PACKAGE_STRING "LCUI 0.12.5"
| #define PACKAGE_BUGREPORT "lc-soft@live.cn"
| #define PACKAGE_URL ""
| #define PACKAGE "lcui"
| #define VERSION "0.12.5"
| /* end confdefs.h.  */
| #include <ac_nonexistent.h>
configure:7202: checking for ANSI C header files
configure:7222: gcc -c -g -O2  conftest.c >&5
configure:7222: $? = 0
configure:7295: gcc -o conftest -g -O2   conftest.c  >&5
configure:7295: $? = 0
configure:7295: ./conftest
configure:7295: $? = 0
configure:7306: result: yes
configure:7319: checking for sys/types.h
configure:7319: gcc -c -g -O2  conftest.c >&5
configure:7319: $? = 0
configure:7319: result: yes
configure:7319: checking for sys/stat.h
configure:7319: gcc -c -g -O2  conftest.c >&5
configure:7319: $? = 0
configure:7319: result: yes
configure:7319: checking for stdlib.h
configure:7319: gcc -c -g -O2  conftest.c >&5
configure:7319: $? = 0
configure:7319: result: yes
configure:7319: checking for string.h
configure:7319: gcc -c -g -O2  conftest.c >&5
configure:7319: $? = 0
configure:7319: result: yes
configure:7319: checking for memory.h
configure:7319: gcc -c -g -O2  conftest.c >&5
configure:7319: $? = 0
configure:7319: result: yes
configure:7319: checking for strings.h
configure:7319: gcc -c -g -O2  conftest.c >&5
configure:7319: $? = 0
configure:7319: result: yes
configure:7319: checking for inttypes.h
configure:7319: gcc -c -g -O2  conftest.c >&5
configure:7319: $? = 0
configure:7319: result: yes
configure:7319: checking for stdint.h
configure:7319: gcc -c -g -O2  conftest.c >&5
configure:7319: $? = 0
configure:7319: result: yes
configure:7319: checking for unistd.h
configure:7319: gcc -c -g -O2  conftest.c >&5
configure:7319: $? = 0
configure:7319: result: yes
configure:7333: checking for dlfcn.h
configure:7333: gcc -c -g -O2  conftest.c >&5
configure:7333: $? = 0
configure:7333: result: yes
configure:7520: checking for objdir
configure:7535: result: .libs
configure:7802: checking if gcc supports -fno-rtti -fno-exceptions
configure:7820: gcc -c -g -O2  -fno-rtti -fno-exceptions conftest.c >&5
cc1: warning: command line option '-fno-rtti' is valid for C++/ObjC++ but not for C [enabled by default]
configure:7824: $? = 0
configure:7837: result: no
configure:8147: checking for gcc option to produce PIC
configure:8154: result: -fPIC -DPIC
configure:8162: checking if gcc PIC flag -fPIC -DPIC works
configure:8180: gcc -c -g -O2  -fPIC -DPIC -DPIC conftest.c >&5
configure:8184: $? = 0
configure:8197: result: yes
configure:8226: checking if gcc static flag -static works
configure:8254: result: yes
configure:8269: checking if gcc supports -c -o file.o
configure:8290: gcc -c -g -O2  -o out/conftest2.o conftest.c >&5
configure:8294: $? = 0
configure:8316: result: yes
configure:8324: checking if gcc supports -c -o file.o
configure:8371: result: yes
configure:8404: checking whether the gcc linker (/usr/bin/ld) supports shared libraries
configure:9566: result: yes
configure:9603: checking whether -lc should be explicitly linked in
configure:9611: gcc -c -g -O2  conftest.c >&5
configure:9614: $? = 0
configure:9629: gcc -shared  -fPIC -DPIC conftest.o  -v -Wl,-soname -Wl,conftest -o conftest 2\>\&1 \| /bin/grep  -lc  \>/dev/null 2\>\&1
configure:9632: $? = 0
configure:9646: result: no
configure:9811: checking dynamic linker characteristics
configure:10326: gcc -o conftest -g -O2   -Wl,-rpath -Wl,/foo conftest.c  >&5
configure:10326: $? = 0
configure:10560: result: GNU/Linux ld.so
configure:10667: checking how to hardcode library paths into programs
configure:10692: result: immediate
configure:11232: checking whether stripping libraries is possible
configure:11237: result: yes
configure:11272: checking if libtool supports shared libraries
configure:11274: result: yes
configure:11277: checking whether to build shared libraries
configure:11298: result: yes
configure:11301: checking whether to build static libraries
configure:11305: result: yes
configure:11344: checking for gcc option to accept ISO C99
configure:11493: gcc  -c -g -O2  conftest.c >&5
conftest.c:73:29: error: expected ';', ',' or ')' before 'text'
conftest.c: In function 'main':
conftest.c:127:18: error: expected '=', ',', ';', 'asm' or '__attribute__' before 'newvar'
conftest.c:127:18: error: 'newvar' undeclared (first use in this function)
conftest.c:127:18: note: each undeclared identifier is reported only once for each function it appears in
conftest.c:137:3: error: 'for' loop initial declarations are only allowed in C99 mode
conftest.c:137:3: note: use option -std=c99 or -std=gnu99 to compile your code
configure:11493: $? = 1
configure: failed program was:
| /* confdefs.h */
| #define PACKAGE_NAME "LCUI"
| #define PACKAGE_TARNAME "lcui"
| #define PACKAGE_VERSION "0.12.5"
| #define PACKAGE_STRING "LCUI 0.12.5"
| #define PACKAGE_BUGREPORT "lc-soft@live.cn"
| #define PACKAGE_URL ""
| #define PACKAGE "lcui"
| #define VERSION "0.12.5"
| #define STDC_HEADERS 1
| #define HAVE_SYS_TYPES_H 1
| #define HAVE_SYS_STAT_H 1
| #define HAVE_STDLIB_H 1
| #define HAVE_STRING_H 1
| #define HAVE_MEMORY_H 1
| #define HAVE_STRINGS_H 1
| #define HAVE_INTTYPES_H 1
| #define HAVE_STDINT_H 1
| #define HAVE_UNISTD_H 1
| #define HAVE_DLFCN_H 1
| #define LT_OBJDIR ".libs/"
| /* end confdefs.h.  */
| #include <stdarg.h>
| #include <stdbool.h>
| #include <stdlib.h>
| #include <wchar.h>
| #include <stdio.h>
| 
| // Check varargs macros.  These examples are taken from C99 6.10.3.5.
| #define debug(...) fprintf (stderr, __VA_ARGS__)
| #define showlist(...) puts (#__VA_ARGS__)
| #define report(test,...) ((test) ? puts (#test) : printf (__VA_ARGS__))
| static void
| test_varargs_macros (void)
| {
|   int x = 1234;
|   int y = 5678;
|   debug ("Flag");
|   debug ("X = %d\n", x);
|   showlist (The first, second, and third items.);
|   report (x>y, "x is %d but y is %d", x, y);
| }
| 
| // Check long long types.
| #define BIG64 18446744073709551615ull
| #define BIG32 4294967295ul
| #define BIG_OK (BIG64 / BIG32 == 4294967297ull && BIG64 % BIG32 == 0)
| #if !BIG_OK
|   your preprocessor is broken;
| #endif
| #if BIG_OK
| #else
|   your preprocessor is broken;
| #endif
| static long long int bignum = -9223372036854775807LL;
| static unsigned long long int ubignum = BIG64;
| 
| struct incomplete_array
| {
|   int datasize;
|   double data[];
| };
| 
| struct named_init {
|   int number;
|   const wchar_t *name;
|   double average;
| };
| 
| typedef const char *ccp;
| 
| static inline int
| test_restrict (ccp restrict text)
| {
|   // See if C++-style comments work.
|   // Iterate through items via the restricted pointer.
|   // Also check for declarations in for loops.
|   for (unsigned int i = 0; *(text+i) != '\0'; ++i)
|     continue;
|   return 0;
| }
| 
| // Check varargs and va_copy.
| static void
| test_varargs (const char *format, ...)
| {
|   va_list args;
|   va_start (args, format);
|   va_list args_copy;
|   va_copy (args_copy, args);
| 
|   const char *str;
|   int number;
|   float fnumber;
| 
|   while (*format)
|     {
|       switch (*format++)
| 	{
| 	case 's': // string
| 	  str = va_arg (args_copy, const char *);
| 	  break;
| 	case 'd': // int
| 	  number = va_arg (args_copy, int);
| 	  break;
| 	case 'f': // float
| 	  fnumber = va_arg (args_copy, double);
| 	  break;
| 	default:
| 	  break;
| 	}
|     }
|   va_end (args_copy);
|   va_end (args);
| }
| 
| int
| main ()
| {
| 
|   // Check bool.
|   _Bool success = false;
| 
|   // Check restrict.
|   if (test_restrict ("String literal") == 0)
|     success = true;
|   char *restrict newvar = "Another string";
| 
|   // Check varargs.
|   test_varargs ("s, d' f .", "string", 65, 34.234);
|   test_varargs_macros ();
| 
|   // Check flexible array members.
|   struct incomplete_array *ia =
|     malloc (sizeof (struct incomplete_array) + (sizeof (double) * 10));
|   ia->datasize = 10;
|   for (int i = 0; i < ia->datasize; ++i)
|     ia->data[i] = i * 1.234;
| 
|   // Check named initializers.
|   struct named_init ni = {
|     .number = 34,
|     .name = L"Test wide string",
|     .average = 543.34343,
|   };
| 
|   ni.number = 58;
| 
|   int dynamic_array[ni.number];
|   dynamic_array[ni.number - 1] = 543;
| 
|   // work around unused variable warnings
|   return (!success || bignum == 0LL || ubignum == 0uLL || newvar[0] == 'x'
| 	  || dynamic_array[ni.number - 1] != 543);
| 
|   ;
|   return 0;
| }
configure:11493: gcc -std=gnu99 -c -g -O2  conftest.c >&5
configure:11493: $? = 0
configure:11513: result: -std=gnu99
configure:11615: checking for gcc -std=gnu99 option to accept ISO Standard C
configure:11629: result: -std=gnu99
configure:11634: checking whether make sets $(MAKE)
configure:11656: result: yes
configure:11665: checking whether ln -s works
configure:11669: result: yes
configure:11680: checking for iconv_open in -liconv
configure:11705: gcc -std=gnu99 -o conftest -g -O2   conftest.c -liconv   >&5
/usr/bin/ld: cannot find -liconv
collect2: ld returned 1 exit status
configure:11705: $? = 1
configure: failed program was:
| /* confdefs.h */
| #define PACKAGE_NAME "LCUI"
| #define PACKAGE_TARNAME "lcui"
| #define PACKAGE_VERSION "0.12.5"
| #define PACKAGE_STRING "LCUI 0.12.5"
| #define PACKAGE_BUGREPORT "lc-soft@live.cn"
| #define PACKAGE_URL ""
| #define PACKAGE "lcui"
| #define VERSION "0.12.5"
| #define STDC_HEADERS 1
| #define HAVE_SYS_TYPES_H 1
| #define HAVE_SYS_STAT_H 1
| #define HAVE_STDLIB_H 1
| #define HAVE_STRING_H 1
| #define HAVE_MEMORY_H 1
| #define HAVE_STRINGS_H 1
| #define HAVE_INTTYPES_H 1
| #define HAVE_STDINT_H 1
| #define HAVE_UNISTD_H 1
| #define HAVE_DLFCN_H 1
| #define LT_OBJDIR ".libs/"
| /* end confdefs.h.  */
| 
| /* Override any GCC internal prototype to avoid an error.
|    Use char because int might match the return type of a GCC
|    builtin and then its argument prototype would still apply.  */
| #ifdef __cplusplus
| extern "C"
| #endif
| char iconv_open ();
| int
| main ()
| {
| return iconv_open ();
|   ;
|   return 0;
| }
configure:11714: result: no
configure:11725: checking for pthread_create in -lpthread
configure:11750: gcc -std=gnu99 -o conftest -g -O2   conftest.c -lpthread   >&5
configure:11750: $? = 0
configure:11759: result: yes
configure:11772: checking for png_create_read_struct in -lpng
configure:11797: gcc -std=gnu99 -o conftest -g -O2   conftest.c -lpng  -lpthread  >&5
configure:11797: $? = 0
configure:11806: result: yes
configure:11819: checking for FT_Init_FreeType in -lfreetype
configure:11844: gcc -std=gnu99 -o conftest -g -O2   conftest.c -lfreetype  -lpng -lpthread  >&5
configure:11844: $? = 0
configure:11853: result: yes
configure:11866: checking for jpeg_read_header in -ljpeg
configure:11891: gcc -std=gnu99 -o conftest -g -O2   conftest.c -ljpeg  -lfreetype -lpng -lpthread  >&5
configure:11891: $? = 0
configure:11900: result: yes
configure:11913: checking for ts_open in -lts
configure:11938: gcc -std=gnu99 -o conftest -g -O2   conftest.c -lts  -ljpeg -lfreetype -lpng -lpthread  >&5
configure:11938: $? = 0
configure:11947: result: yes
configure:11963: checking whether to enable debugging
configure:11980: result: no
configure:11988: checking fcntl.h usability
configure:11988: gcc -std=gnu99 -c -O2 -Wall -D _GNU_SOURCE  conftest.c >&5
configure:11988: $? = 0
configure:11988: result: yes
configure:11988: checking fcntl.h presence
configure:11988: gcc -E  conftest.c
configure:11988: $? = 0
configure:11988: result: yes
configure:11988: checking for fcntl.h
configure:11988: result: yes
configure:11988: checking limits.h usability
configure:11988: gcc -std=gnu99 -c -O2 -Wall -D _GNU_SOURCE  conftest.c >&5
configure:11988: $? = 0
configure:11988: result: yes
configure:11988: checking limits.h presence
configure:11988: gcc -E  conftest.c
configure:11988: $? = 0
configure:11988: result: yes
configure:11988: checking for limits.h
configure:11988: result: yes
configure:11988: checking stddef.h usability
configure:11988: gcc -std=gnu99 -c -O2 -Wall -D _GNU_SOURCE  conftest.c >&5
configure:11988: $? = 0
configure:11988: result: yes
configure:11988: checking stddef.h presence
configure:11988: gcc -E  conftest.c
configure:11988: $? = 0
configure:11988: result: yes
configure:11988: checking for stddef.h
configure:11988: result: yes
configure:11988: checking for stdlib.h
configure:11988: result: yes
configure:11988: checking for string.h
configure:11988: result: yes
configure:11988: checking for strings.h
configure:11988: result: yes
configure:11988: checking sys/ioctl.h usability
configure:11988: gcc -std=gnu99 -c -O2 -Wall -D _GNU_SOURCE  conftest.c >&5
configure:11988: $? = 0
configure:11988: result: yes
configure:11988: checking sys/ioctl.h presence
configure:11988: gcc -E  conftest.c
configure:11988: $? = 0
configure:11988: result: yes
configure:11988: checking for sys/ioctl.h
configure:11988: result: yes
configure:11988: checking sys/time.h usability
configure:11988: gcc -std=gnu99 -c -O2 -Wall -D _GNU_SOURCE  conftest.c >&5
configure:11988: $? = 0
configure:11988: result: yes
configure:11988: checking sys/time.h presence
configure:11988: gcc -E  conftest.c
configure:11988: $? = 0
configure:11988: result: yes
configure:11988: checking for sys/time.h
configure:11988: result: yes
configure:11988: checking termio.h usability
configure:11988: gcc -std=gnu99 -c -O2 -Wall -D _GNU_SOURCE  conftest.c >&5
configure:11988: $? = 0
configure:11988: result: yes
configure:11988: checking termio.h presence
configure:11988: gcc -E  conftest.c
configure:11988: $? = 0
configure:11988: result: yes
configure:11988: checking for termio.h
configure:11988: result: yes
configure:11988: checking for unistd.h
configure:11988: result: yes
configure:12000: checking for size_t
configure:12000: gcc -std=gnu99 -c -O2 -Wall -D _GNU_SOURCE  conftest.c >&5
configure:12000: $? = 0
configure:12000: gcc -std=gnu99 -c -O2 -Wall -D _GNU_SOURCE  conftest.c >&5
conftest.c: In function 'main':
conftest.c:74:21: error: expected expression before ')' token
configure:12000: $? = 1
configure: failed program was:
| /* confdefs.h */
| #define PACKAGE_NAME "LCUI"
| #define PACKAGE_TARNAME "lcui"
| #define PACKAGE_VERSION "0.12.5"
| #define PACKAGE_STRING "LCUI 0.12.5"
| #define PACKAGE_BUGREPORT "lc-soft@live.cn"
| #define PACKAGE_URL ""
| #define PACKAGE "lcui"
| #define VERSION "0.12.5"
| #define STDC_HEADERS 1
| #define HAVE_SYS_TYPES_H 1
| #define HAVE_SYS_STAT_H 1
| #define HAVE_STDLIB_H 1
| #define HAVE_STRING_H 1
| #define HAVE_MEMORY_H 1
| #define HAVE_STRINGS_H 1
| #define HAVE_INTTYPES_H 1
| #define HAVE_STDINT_H 1
| #define HAVE_UNISTD_H 1
| #define HAVE_DLFCN_H 1
| #define LT_OBJDIR ".libs/"
| #define HAVE_LIBPTHREAD 1
| #define HAVE_LIBPNG 1
| #define HAVE_LIBFREETYPE 1
| #define HAVE_LIBJPEG 1
| #define HAVE_LIBTS 1
| #define HAVE_FCNTL_H 1
| #define HAVE_LIMITS_H 1
| #define HAVE_STDDEF_H 1
| #define HAVE_STDLIB_H 1
| #define HAVE_STRING_H 1
| #define HAVE_STRINGS_H 1
| #define HAVE_SYS_IOCTL_H 1
| #define HAVE_SYS_TIME_H 1
| #define HAVE_TERMIO_H 1
| #define HAVE_UNISTD_H 1
| /* end confdefs.h.  */
| #include <stdio.h>
| #ifdef HAVE_SYS_TYPES_H
| # include <sys/types.h>
| #endif
| #ifdef HAVE_SYS_STAT_H
| # include <sys/stat.h>
| #endif
| #ifdef STDC_HEADERS
| # include <stdlib.h>
| # include <stddef.h>
| #else
| # ifdef HAVE_STDLIB_H
| #  include <stdlib.h>
| # endif
| #endif
| #ifdef HAVE_STRING_H
| # if !defined STDC_HEADERS && defined HAVE_MEMORY_H
| #  include <memory.h>
| # endif
| # include <string.h>
| #endif
| #ifdef HAVE_STRINGS_H
| # include <strings.h>
| #endif
| #ifdef HAVE_INTTYPES_H
| # include <inttypes.h>
| #endif
| #ifdef HAVE_STDINT_H
| # include <stdint.h>
| #endif
| #ifdef HAVE_UNISTD_H
| # include <unistd.h>
| #endif
| int
| main ()
| {
| if (sizeof ((size_t)))
| 	    return 0;
|   ;
|   return 0;
| }
configure:12000: result: yes
configure:12015: checking for stdlib.h
configure:12015: result: yes
configure:12025: checking for GNU libc compatible malloc
configure:12049: gcc -std=gnu99 -o conftest -O2 -Wall -D _GNU_SOURCE   conftest.c -lts -ljpeg -lfreetype -lpng -lpthread  >&5
configure:12049: $? = 0
configure:12049: ./conftest
configure:12049: $? = 0
configure:12059: result: yes
configure:12086: checking for stdlib.h
configure:12086: result: yes
configure:12086: checking for unistd.h
configure:12086: result: yes
configure:12086: checking for sys/param.h
configure:12086: gcc -std=gnu99 -c -O2 -Wall -D _GNU_SOURCE  conftest.c >&5
configure:12086: $? = 0
configure:12086: result: yes
configure:12106: checking for getpagesize
configure:12106: gcc -std=gnu99 -o conftest -O2 -Wall -D _GNU_SOURCE   conftest.c -lts -ljpeg -lfreetype -lpng -lpthread  >&5
configure:12106: $? = 0
configure:12106: result: yes
configure:12115: checking for working mmap
configure:12262: gcc -std=gnu99 -o conftest -O2 -Wall -D _GNU_SOURCE   conftest.c -lts -ljpeg -lfreetype -lpng -lpthread  >&5
configure:12262: $? = 0
configure:12262: ./conftest
configure:12262: $? = 0
configure:12272: result: yes
configure:12283: checking for stdlib.h
configure:12283: result: yes
configure:12293: checking for GNU libc compatible realloc
configure:12317: gcc -std=gnu99 -o conftest -O2 -Wall -D _GNU_SOURCE   conftest.c -lts -ljpeg -lfreetype -lpng -lpthread  >&5
configure:12317: $? = 0
configure:12317: ./conftest
configure:12317: $? = 0
configure:12327: result: yes
configure:12351: checking for memset
configure:12351: gcc -std=gnu99 -o conftest -O2 -Wall -D _GNU_SOURCE   conftest.c -lts -ljpeg -lfreetype -lpng -lpthread  >&5
conftest.c:70:6: warning: conflicting types for built-in function 'memset' [enabled by default]
configure:12351: $? = 0
configure:12351: result: yes
configure:12351: checking for munmap
configure:12351: gcc -std=gnu99 -o conftest -O2 -Wall -D _GNU_SOURCE   conftest.c -lts -ljpeg -lfreetype -lpng -lpthread  >&5
configure:12351: $? = 0
configure:12351: result: yes
configure:12351: checking for select
configure:12351: gcc -std=gnu99 -o conftest -O2 -Wall -D _GNU_SOURCE   conftest.c -lts -ljpeg -lfreetype -lpng -lpthread  >&5
configure:12351: $? = 0
configure:12351: result: yes
configure:12351: checking for strcasecmp
configure:12351: gcc -std=gnu99 -o conftest -O2 -Wall -D _GNU_SOURCE   conftest.c -lts -ljpeg -lfreetype -lpng -lpthread  >&5
conftest.c:73:6: warning: conflicting types for built-in function 'strcasecmp' [enabled by default]
configure:12351: $? = 0
configure:12351: result: yes
configure:12351: checking for sysinfo
configure:12351: gcc -std=gnu99 -o conftest -O2 -Wall -D _GNU_SOURCE   conftest.c -lts -ljpeg -lfreetype -lpng -lpthread  >&5
configure:12351: $? = 0
configure:12351: result: yes
configure:12493: creating ./config.status

## ---------------------- ##
## Running config.status. ##
## ---------------------- ##

This file was extended by LCUI config.status 0.12.5, which was
generated by GNU Autoconf 2.68.  Invocation command line was

  CONFIG_FILES    = 
  CONFIG_HEADERS  = 
  CONFIG_LINKS    = 
  CONFIG_COMMANDS = 
  $ ./config.status 

on liuchao-ubuntu

config.status:1130: creating Makefile
config.status:1130: creating include/Makefile
config.status:1130: creating include/LCUI/Makefile
config.status:1130: creating src/Makefile
config.status:1130: creating test/Makefile
config.status:1130: creating test/mora/Makefile
config.status:1130: creating test/photoviewer/Makefile
config.status:1130: creating test/clock/Makefile
config.status:1130: creating test/screenlock/Makefile
config.status:1130: creating config.h
config.status:1359: executing depfiles commands
config.status:1359: executing libtool commands

## ---------------- ##
## Cache variables. ##
## ---------------- ##

ac_cv_build=i686-pc-linux-gnu
ac_cv_c_compiler_gnu=yes
ac_cv_env_CC_set=
ac_cv_env_CC_value=
ac_cv_env_CFLAGS_set=
ac_cv_env_CFLAGS_value=
ac_cv_env_CPPFLAGS_set=
ac_cv_env_CPPFLAGS_value=
ac_cv_env_CPP_set=
ac_cv_env_CPP_value=
ac_cv_env_LDFLAGS_set=
ac_cv_env_LDFLAGS_value=
ac_cv_env_LIBS_set=
ac_cv_env_LIBS_value=
ac_cv_env_build_alias_set=
ac_cv_env_build_alias_value=
ac_cv_env_host_alias_set=
ac_cv_env_host_alias_value=
ac_cv_env_target_alias_set=
ac_cv_env_target_alias_value=
ac_cv_func_getpagesize=yes
ac_cv_func_malloc_0_nonnull=yes
ac_cv_func_memset=yes
ac_cv_func_mmap_fixed_mapped=yes
ac_cv_func_munmap=yes
ac_cv_func_realloc_0_nonnull=yes
ac_cv_func_select=yes
ac_cv_func_strcasecmp=yes
ac_cv_func_sysinfo=yes
ac_cv_header_dlfcn_h=yes
ac_cv_header_fcntl_h=yes
ac_cv_header_inttypes_h=yes
ac_cv_header_limits_h=yes
ac_cv_header_memory_h=yes
ac_cv_header_stdc=yes
ac_cv_header_stddef_h=yes
ac_cv_header_stdint_h=yes
ac_cv_header_stdlib_h=yes
ac_cv_header_string_h=yes
ac_cv_header_strings_h=yes
ac_cv_header_sys_ioctl_h=yes
ac_cv_header_sys_param_h=yes
ac_cv_header_sys_stat_h=yes
ac_cv_header_sys_time_h=yes
ac_cv_header_sys_types_h=yes
ac_cv_header_termio_h=yes
ac_cv_header_unistd_h=yes
ac_cv_host=i686-pc-linux-gnu
ac_cv_lib_freetype_FT_Init_FreeType=yes
ac_cv_lib_iconv_iconv_open=no
ac_cv_lib_jpeg_jpeg_read_header=yes
ac_cv_lib_png_png_create_read_struct=yes
ac_cv_lib_pthread_pthread_create=yes
ac_cv_lib_ts_ts_open=yes
ac_cv_objext=o
ac_cv_path_EGREP='/bin/grep -E'
ac_cv_path_FGREP='/bin/grep -F'
ac_cv_path_GREP=/bin/grep
ac_cv_path_SED=/bin/sed
ac_cv_path_install='/usr/bin/install -c'
ac_cv_path_mkdir=/bin/mkdir
ac_cv_prog_AWK=mawk
ac_cv_prog_CPP='gcc -E'
ac_cv_prog_ac_ct_AR=ar
ac_cv_prog_ac_ct_CC=gcc
ac_cv_prog_ac_ct_MANIFEST_TOOL=mt
ac_cv_prog_ac_ct_OBJDUMP=objdump
ac_cv_prog_ac_ct_RANLIB=ranlib
ac_cv_prog_ac_ct_STRIP=strip
ac_cv_prog_cc_c89=
ac_cv_prog_cc_c99=-std=gnu99
ac_cv_prog_cc_g=yes
ac_cv_prog_cc_stdc=-std=gnu99
ac_cv_prog_make_make_set=yes
ac_cv_target=i686-pc-linux-gnu
ac_cv_type_size_t=yes
am_cv_CC_dependencies_compiler_type=gcc3
lt_cv_ar_at_file=@
lt_cv_archive_cmds_need_lc=no
lt_cv_deplibs_check_method=pass_all
lt_cv_file_magic_cmd='$MAGIC_CMD'
lt_cv_file_magic_test_file=
lt_cv_ld_reload_flag=-r
lt_cv_nm_interface='BSD nm'
lt_cv_objdir=.libs
lt_cv_path_LD=/usr/bin/ld
lt_cv_path_NM='/usr/bin/nm -B'
lt_cv_path_mainfest_tool=no
lt_cv_prog_compiler_c_o=yes
lt_cv_prog_compiler_pic='-fPIC -DPIC'
lt_cv_prog_compiler_pic_works=yes
lt_cv_prog_compiler_rtti_exceptions=no
lt_cv_prog_compiler_static_works=yes
lt_cv_prog_gnu_ld=yes
lt_cv_sharedlib_from_linklib_cmd='printf %s\n'
lt_cv_shlibpath_overrides_runpath=no
lt_cv_sys_global_symbol_pipe='sed -n -e '\''s/^.*[	 ]\([ABCDGIRSTW][ABCDGIRSTW]*\)[	 ][	 ]*\([_A-Za-z][_A-Za-z0-9]*\)$/\1 \2 \2/p'\'' | sed '\''/ __gnu_lto/d'\'''
lt_cv_sys_global_symbol_to_c_name_address='sed -n -e '\''s/^: \([^ ]*\)[ ]*$/  {\"\1\", (void *) 0},/p'\'' -e '\''s/^[ABCDGIRSTW]* \([^ ]*\) \([^ ]*\)$/  {"\2", (void *) \&\2},/p'\'''
lt_cv_sys_global_symbol_to_c_name_address_lib_prefix='sed -n -e '\''s/^: \([^ ]*\)[ ]*$/  {\"\1\", (void *) 0},/p'\'' -e '\''s/^[ABCDGIRSTW]* \([^ ]*\) \(lib[^ ]*\)$/  {"\2", (void *) \&\2},/p'\'' -e '\''s/^[ABCDGIRSTW]* \([^ ]*\) \([^ ]*\)$/  {"lib\2", (void *) \&\2},/p'\'''
lt_cv_sys_global_symbol_to_cdecl='sed -n -e '\''s/^T .* \(.*\)$/extern int \1();/p'\'' -e '\''s/^[ABCDGIRSTW]* .* \(.*\)$/extern char \1;/p'\'''
lt_cv_sys_max_cmd_len=1572864
lt_cv_to_host_file_cmd=func_convert_file_noop
lt_cv_to_tool_file_cmd=func_convert_file_noop

## ----------------- ##
## Output variables. ##
## ----------------- ##

ACLOCAL='${SHELL} /home/liuchao/桌面/project/test_LCUI/missing --run aclocal-1.11'
AMDEPBACKSLASH='\'
AMDEP_FALSE='#'
AMDEP_TRUE=''
AMTAR='${SHELL} /home/liuchao/桌面/project/test_LCUI/missing --run tar'
AM_BACKSLASH='\'
AM_DEFAULT_VERBOSITY='0'
AR='ar'
AUTOCONF='${SHELL} /home/liuchao/桌面/project/test_LCUI/missing --run autoconf'
AUTOHEADER='${SHELL} /home/liuchao/桌面/project/test_LCUI/missing --run autoheader'
AUTOMAKE='${SHELL} /home/liuchao/桌面/project/test_LCUI/missing --run automake-1.11'
AWK='mawk'
CC='gcc -std=gnu99'
CCDEPMODE='depmode=gcc3'
CFLAGS='-O2 -Wall -D _GNU_SOURCE'
CPP='gcc -E'
CPPFLAGS=''
CYGPATH_W='echo'
DEFS='-DHAVE_CONFIG_H'
DEPDIR='.deps'
DLLTOOL='false'
DSYMUTIL=''
DUMPBIN=''
ECHO_C=''
ECHO_N='-n'
ECHO_T=''
EGREP='/bin/grep -E'
EXEEXT=''
FGREP='/bin/grep -F'
GREP='/bin/grep'
INSTALL_DATA='${INSTALL} -m 644'
INSTALL_PROGRAM='${INSTALL}'
INSTALL_SCRIPT='${INSTALL}'
INSTALL_STRIP_PROGRAM='$(install_sh) -c -s'
LD='/usr/bin/ld'
LDFLAGS=''
LIBOBJS=''
LIBS='-lts -ljpeg -lfreetype -lpng -lpthread '
LIBTOOL='$(SHELL) $(top_builddir)/libtool'
LIPO=''
LN_S='ln -s'
LTLIBOBJS=''
MAKEINFO='${SHELL} /home/liuchao/桌面/project/test_LCUI/missing --run makeinfo'
MANIFEST_TOOL=':'
MKDIR_P='/bin/mkdir -p'
NM='/usr/bin/nm -B'
NMEDIT=''
OBJDUMP='objdump'
OBJEXT='o'
OTOOL64=''
OTOOL=''
PACKAGE='lcui'
PACKAGE_BUGREPORT='lc-soft@live.cn'
PACKAGE_NAME='LCUI'
PACKAGE_STRING='LCUI 0.12.5'
PACKAGE_TARNAME='lcui'
PACKAGE_URL=''
PACKAGE_VERSION='0.12.5'
PATH_SEPARATOR=':'
RANLIB='ranlib'
SED='/bin/sed'
SET_MAKE=''
SHELL='/bin/bash'
STRIP='strip'
VERSION='0.12.5'
ac_ct_AR='ar'
ac_ct_CC='gcc'
ac_ct_DUMPBIN=''
am__EXEEXT_FALSE=''
am__EXEEXT_TRUE='#'
am__fastdepCC_FALSE='#'
am__fastdepCC_TRUE=''
am__include='include'
am__isrc=''
am__leading_dot='.'
am__quote=''
am__tar='${AMTAR} chof - "$$tardir"'
am__untar='${AMTAR} xf -'
bindir='${exec_prefix}/bin'
build='i686-pc-linux-gnu'
build_alias=''
build_cpu='i686'
build_os='linux-gnu'
build_vendor='pc'
datadir='${datarootdir}'
datarootdir='${prefix}/share'
docdir='${datarootdir}/doc/${PACKAGE_TARNAME}'
dvidir='${docdir}'
exec_prefix='${prefix}'
host='i686-pc-linux-gnu'
host_alias=''
host_cpu='i686'
host_os='linux-gnu'
host_vendor='pc'
htmldir='${docdir}'
includedir='${prefix}/include'
infodir='${datarootdir}/info'
install_sh='${SHELL} /home/liuchao/桌面/project/test_LCUI/install-sh'
libdir='${exec_prefix}/lib'
libexecdir='${exec_prefix}/libexec'
localedir='${datarootdir}/locale'
localstatedir='${prefix}/var'
mandir='${datarootdir}/man'
mkdir_p='/bin/mkdir -p'
oldincludedir='/usr/include'
pdfdir='${docdir}'
prefix='/usr/local'
program_transform_name='s,x,x,'
psdir='${docdir}'
sbindir='${exec_prefix}/sbin'
sharedstatedir='${prefix}/com'
sysconfdir='${prefix}/etc'
target='i686-pc-linux-gnu'
target_alias=''
target_cpu='i686'
target_os='linux-gnu'
target_vendor='pc'

## ----------- ##
## confdefs.h. ##
## ----------- ##

/* confdefs.h */
#define PACKAGE_NAME "LCUI"
#define PACKAGE_TARNAME "lcui"
#define PACKAGE_VERSION "0.12.5"
#define PACKAGE_STRING "LCUI 0.12.5"
#define PACKAGE_BUGREPORT "lc-soft@live.cn"
#define PACKAGE_URL ""
#define PACKAGE "lcui"
#define VERSION "0.12.5"
#define STDC_HEADERS 1
#define HAVE_SYS_TYPES_H 1
#define HAVE_SYS_STAT_H 1
#define HAVE_STDLIB_H 1
#define HAVE_STRING_H 1
#define HAVE_MEMORY_H 1
#define HAVE_STRINGS_H 1
#define HAVE_INTTYPES_H 1
#define HAVE_STDINT_H 1
#define HAVE_UNISTD_H 1
#define HAVE_DLFCN_H 1
#define LT_OBJDIR ".libs/"
#define HAVE_LIBPTHREAD 1
#define HAVE_LIBPNG 1
#define HAVE_LIBFREETYPE 1
#define HAVE_LIBJPEG 1
#define HAVE_LIBTS 1
#define HAVE_FCNTL_H 1
#define HAVE_LIMITS_H 1
#define HAVE_STDDEF_H 1
#define HAVE_STDLIB_H 1
#define HAVE_STRING_H 1
#define HAVE_STRINGS_H 1
#define HAVE_SYS_IOCTL_H 1
#define HAVE_SYS_TIME_H 1
#define HAVE_TERMIO_H 1
#define HAVE_UNISTD_H 1
#define HAVE_STDLIB_H 1
#define HAVE_MALLOC 1
#define HAVE_STDLIB_H 1
#define HAVE_UNISTD_H 1
#define HAVE_SYS_PARAM_H 1
#define HAVE_GETPAGESIZE 1
#define HAVE_MMAP 1
#define HAVE_STDLIB_H 1
#define HAVE_REALLOC 1
#define HAVE_MEMSET 1
#define HAVE_MUNMAP 1
#define HAVE_SELECT 1
#define HAVE_STRCASECMP 1
#define HAVE_SYSINFO 1

configure: exit 0

## ---------------------- ##
## Running config.status. ##
## ---------------------- ##

This file was extended by LCUI config.status 0.12.5, which was
generated by GNU Autoconf 2.68.  Invocation command line was

  CONFIG_FILES    = 
  CONFIG_HEADERS  = 
  CONFIG_LINKS    = 
  CONFIG_COMMANDS = 
  $ ./config.status test/Makefile depfiles

on liuchao-ubuntu

config.status:1130: creating test/Makefile
config.status:1359: executing depfiles commands

## ---------------------- ##
## Running config.status. ##
## ---------------------- ##

This file was extended by LCUI config.status 0.12.5, which was
generated by GNU Autoconf 2.68.  Invocation command line was

  CONFIG_FILES    = 
  CONFIG_HEADERS  = 
  CONFIG_LINKS    = 
  CONFIG_COMMANDS = 
  $ ./config.status test/mora/Makefile depfiles

on liuchao-ubuntu

config.status:1130: creating test/mora/Makefile
config.status:1359: executing depfiles commands

## ---------------------- ##
## Running config.status. ##
## ---------------------- ##

This file was extended by LCUI config.status 0.12.5, which was
generated by GNU Autoconf 2.68.  Invocation command line was

  CONFIG_FILES    = 
  CONFIG_HEADERS  = 
  CONFIG_LINKS    = 
  CONFIG_COMMANDS = 
  $ ./config.status test/photoviewer/Makefile depfiles

on liuchao-ubuntu

config.status:1130: creating test/photoviewer/Makefile
config.status:1359: executing depfiles commands

## ---------------------- ##
## Running config.status. ##
## ---------------------- ##

This file was extended by LCUI config.status 0.12.5, which was
generated by GNU Autoconf 2.68.  Invocation command line was

  CONFIG_FILES    = 
  CONFIG_HEADERS  = 
  CONFIG_LINKS    = 
  CONFIG_COMMANDS = 
  $ ./config.status test/screenlock/Makefile depfiles

on liuchao-ubuntu

config.status:1130: creating test/screenlock/Makefile
config.status:1359: executing depfiles commands

## ---------------------- ##
## Running config.status. ##
## ---------------------- ##

This file was extended by LCUI config.status 0.12.5, which was
generated by GNU Autoconf 2.68.  Invocation command line was

  CONFIG_FILES    = 
  CONFIG_HEADERS  = 
  CONFIG_LINKS    = 
  CONFIG_COMMANDS = 
  $ ./config.status test/clock/Makefile depfiles

on liuchao-ubuntu

config.status:1130: creating test/clock/Makefile
config.status:1359: executing depfiles commands

## ---------------------- ##
## Running config.status. ##
## ---------------------- ##

This file was extended by LCUI config.status 0.12.5, which was
generated by GNU Autoconf 2.68.  Invocation command line was

  CONFIG_FILES    = 
  CONFIG_HEADERS  = 
  CONFIG_LINKS    = 
  CONFIG_COMMANDS = 
  $ ./config.status test/Makefile depfiles

on liuchao-ubuntu

config.status:1130: creating test/Makefile
config.status:1359: executing depfiles commands

## ---------------------- ##
## Running config.status. ##
## ---------------------- ##

This file was extended by LCUI config.status 0.12.5, which was
generated by GNU Autoconf 2.68.  Invocation command line was

  CONFIG_FILES    = 
  CONFIG_HEADERS  = 
  CONFIG_LINKS    = 
  CONFIG_COMMANDS = 
  $ ./config.status test/mora/Makefile depfiles

on liuchao-ubuntu

config.status:1130: creating test/mora/Makefile
config.status:1359: executing depfiles commands

## ---------------------- ##
## Running config.status. ##
## ---------------------- ##

This file was extended by LCUI config.status 0.12.5, which was
generated by GNU Autoconf 2.68.  Invocation command line was

  CONFIG_FILES    = 
  CONFIG_HEADERS  = 
  CONFIG_LINKS    = 
  CONFIG_COMMANDS = 
  $ ./config.status test/photoviewer/Makefile depfiles

on liuchao-ubuntu

config.status:1130: creating test/photoviewer/Makefile
config.status:1359: executing depfiles commands

## ---------------------- ##
## Running config.status. ##
## ---------------------- ##

This file was extended by LCUI config.status 0.12.5, which was
generated by GNU Autoconf 2.68.  Invocation command line was

  CONFIG_FILES    = 
  CONFIG_HEADERS  = 
  CONFIG_LINKS    = 
  CONFIG_COMMANDS = 
  $ ./config.status test/screenlock/Makefile depfiles

on liuchao-ubuntu

config.status:1130: creating test/screenlock/Makefile
config.status:1359: executing depfiles commands

## ---------------------- ##
## Running config.status. ##
## ---------------------- ##

This file was extended by LCUI config.status 0.12.5, which was
generated by GNU Autoconf 2.68.  Invocation command line was

  CONFIG_FILES    = 
  CONFIG_HEADERS  = 
  CONFIG_LINKS    = 
  CONFIG_COMMANDS = 
  $ ./config.status test/clock/Makefile depfiles

on liuchao-ubuntu

config.status:1130: creating test/clock/Makefile
config.status:1359: executing depfiles commands

## ---------------------- ##
## Running config.status. ##
## ---------------------- ##

This file was extended by LCUI config.status 0.12.5, which was
generated by GNU Autoconf 2.68.  Invocation command line was

  CONFIG_FILES    = 
  CONFIG_HEADERS  = 
  CONFIG_LINKS    = 
  CONFIG_COMMANDS = 
  $ ./config.status test/Makefile depfiles

on liuchao-ubuntu

config.status:1130: creating test/Makefile
config.status:1359: executing depfiles commands

## ---------------------- ##
## Running config.status. ##
## ---------------------- ##

This file was extended by LCUI config.status 0.12.5, which was
generated by GNU Autoconf 2.68.  Invocation command line was

  CONFIG_FILES    = 
  CONFIG_HEADERS  = 
  CONFIG_LINKS    = 
  CONFIG_COMMANDS = 
  $ ./config.status test/mora/Makefile depfiles

on liuchao-ubuntu

config.status:1130: creating test/mora/Makefile
config.status:1359: executing depfiles commands

## ---------------------- ##
## Running config.status. ##
## ---------------------- ##

This file was extended by LCUI config.status 0.12.5, which was
generated by GNU Autoconf 2.68.  Invocation command line was

  CONFIG_FILES    = 
  CONFIG_HEADERS  = 
  CONFIG_LINKS    = 
  CONFIG_COMMANDS = 
  $ ./config.status test/photoviewer/Makefile depfiles

on liuchao-ubuntu

config.status:1130: creating test/photoviewer/Makefile
config.status:1359: executing depfiles commands

## ---------------------- ##
## Running config.status. ##
## ---------------------- ##

This file was extended by LCUI config.status 0.12.5, which was
generated by GNU Autoconf 2.68.  Invocation command line was

  CONFIG_FILES    = 
  CONFIG_HEADERS  = 
  CONFIG_LINKS    = 
  CONFIG_COMMANDS = 
  $ ./config.status test/screenlock/Makefile depfiles

on liuchao-ubuntu

config.status:1130: creating test/screenlock/Makefile
config.status:1359: executing depfiles commands

## ---------------------- ##
## Running config.status. ##
## ---------------------- ##

This file was extended by LCUI config.status 0.12.5, which was
generated by GNU Autoconf 2.68.  Invocation command line was

  CONFIG_FILES    = 
  CONFIG_HEADERS  = 
  CONFIG_LINKS    = 
  CONFIG_COMMANDS = 
  $ ./config.status test/clock/Makefile depfiles

on liuchao-ubuntu

config.status:1130: creating test/clock/Makefile
config.status:1359: executing depfiles commands
